<?xml version="1.0" encoding="UTF-8"?>
<testng-results ignored="0" total="1" passed="1" failed="0" skipped="0">
  <reporter-output>
  </reporter-output>
  <suite started-at="2023-09-06T07:03:58Z" name="Default suite" finished-at="2023-09-06T07:04:26Z" duration-ms="28191">
    <groups>
    </groups>
    <test started-at="2023-09-06T07:03:58Z" name="Default test" finished-at="2023-09-06T07:04:26Z" duration-ms="28191">
      <class name="Selenium.Retry">
        <test-method signature="demoRetry()[pri:0, instance:Selenium.Retry@790da477]" started-at="2023-09-06T07:03:58Z" name="demoRetry" finished-at="2023-09-06T07:04:26Z" duration-ms="28174" status="PASS">
          <reporter-output>
          </reporter-output>
        </test-method> <!-- demoRetry -->
      </class> <!-- Selenium.Retry -->
    </test> <!-- Default test -->
  </suite> <!-- Default suite -->
</testng-results>
