<?xml version="1.0" encoding="UTF-8"?>
<!-- Generated by org.testng.reporters.JUnitXMLReporter -->
<testsuite ignored="0" hostname="AkshaySeeram" failures="0" tests="3" name="Default test" time="31.639" errors="0" timestamp="04 Sep 2023 11:12:31 GMT">
  <testcase classname="com.comcast.crm.contacttest.ContactTC" name="createcontact" time="4.315"/>
  <testcase classname="com.comcast.crm.contacttest.ContactTC" name="createcontactwithorg" time="4.834"/>
  <testcase classname="com.comcast.crm.contacttest.ContactTC" name="createcontactwithsupportdate" time="4.011"/>
</testsuite> <!-- Default test -->
