<?xml version="1.0" encoding="UTF-8"?>
<!-- Generated by org.testng.reporters.JUnitXMLReporter -->
<testsuite ignored="0" hostname="AkshaySeeram" failures="0" tests="3" name="Test1" time="35.344" errors="0" timestamp="04 Sep 2023 11:14:27 GMT">
  <testcase classname="com.comcast.crm.contacttest.ContactTC" name="createcontact" time="4.21"/>
  <testcase classname="com.comcast.crm.contacttest.ContactTC" name="createcontactwithorg" time="5.598"/>
  <testcase classname="com.comcast.crm.contacttest.ContactTC" name="createcontactwithsupportdate" time="4.171"/>
</testsuite> <!-- Test1 -->
