<?xml version="1.0" encoding="UTF-8"?>
<!-- Generated by org.testng.reporters.JUnitXMLReporter -->
<testsuite ignored="0" hostname="AkshaySeeram" failures="0" tests="3" name="Test" time="33.752" errors="0" timestamp="04 Sep 2023 11:14:26 GMT">
  <testcase classname="com.comcast.crm.orgtest.OrgTC" name="createcontactwithsupportdate" time="5.089"/>
  <testcase classname="com.comcast.crm.orgtest.OrgTC" name="createorg" time="4.54"/>
  <testcase classname="com.comcast.crm.orgtest.OrgTC" name="createorgwithindustry" time="4.665"/>
</testsuite> <!-- Test -->
